Analysis & Synthesis report for scpu
Fri Jun 26 16:27:49 2015
Quartus II 32-bit Version 12.1 Build 243 01/31/2013 Service Pack 1 SJ Web Edition


---------------------
; Table of Contents ;
---------------------
  1. Legal Notice
  2. Analysis & Synthesis Summary
  3. Analysis & Synthesis Settings
  4. Parallel Compilation
  5. Analysis & Synthesis Source Files Read
  6. Analysis & Synthesis Resource Usage Summary
  7. Analysis & Synthesis Resource Utilization by Entity
  8. User-Specified and Inferred Latches
  9. General Register Statistics
 10. Multiplexer Restructuring Statistics (Restructuring Performed)
 11. Parameter Settings for User Entity Instance: microc:microc_|mux1:mux1_
 12. Parameter Settings for User Entity Instance: microc:microc_|registro:PC_
 13. Parameter Settings for User Entity Instance: microc:microc_|mux2:mux2_
 14. Parameter Settings for User Entity Instance: microc:microc_|registro:ffzero
 15. Parameter Settings for User Entity Instance: microc:microc_|mux2:mux3_
 16. Parameter Settings for User Entity Instance: microc:microc_|mux1:mux4_
 17. Parameter Settings for User Entity Instance: microc:microc_|retorno_reg:sub_reg
 18. Parameter Settings for User Entity Instance: microc:microc_|mux1:mux5_
 19. Parameter Settings for User Entity Instance: e_s:e_s_|mux_in:mux_entrada
 20. Parameter Settings for User Entity Instance: e_s:e_s_|mux_out:mux_salida
 21. Parameter Settings for User Entity Instance: e_s:e_s_|reg_e:sal1
 22. Parameter Settings for User Entity Instance: e_s:e_s_|reg_e:sal2
 23. Parameter Settings for User Entity Instance: e_s:e_s_|reg_e:sal3
 24. Parameter Settings for User Entity Instance: e_s:e_s_|reg_e:sal4
 25. Port Connectivity Checks: "e_s:e_s_"
 26. Port Connectivity Checks: "microc:microc_|sum:sumador2"
 27. Port Connectivity Checks: "microc:microc_|mux1:mux4_"
 28. Elapsed Time Per Partition
 29. Analysis & Synthesis Messages
 30. Analysis & Synthesis Suppressed Messages



----------------
; Legal Notice ;
----------------
Copyright (C) 1991-2012 Altera Corporation
Your use of Altera Corporation's design tools, logic functions 
and other software and tools, and its AMPP partner logic 
functions, and any output files from any of the foregoing 
(including device programming or simulation files), and any 
associated documentation or information are expressly subject 
to the terms and conditions of the Altera Program License 
Subscription Agreement, Altera MegaCore Function License 
Agreement, or other applicable license agreement, including, 
without limitation, that your use is for the sole purpose of 
programming logic devices manufactured by Altera and sold by 
Altera or its authorized distributors.  Please refer to the 
applicable agreement for further details.



+------------------------------------------------------------------------------------+
; Analysis & Synthesis Summary                                                       ;
+------------------------------------+-----------------------------------------------+
; Analysis & Synthesis Status        ; Successful - Fri Jun 26 16:27:49 2015         ;
; Quartus II 32-bit Version          ; 12.1 Build 243 01/31/2013 SP 1 SJ Web Edition ;
; Revision Name                      ; scpu                                          ;
; Top-level Entity Name              ; cpu                                           ;
; Family                             ; Cyclone II                                    ;
; Total logic elements               ; 639                                           ;
;     Total combinational functions  ; 519                                           ;
;     Dedicated logic registers      ; 149                                           ;
; Total registers                    ; 149                                           ;
; Total pins                         ; 59                                            ;
; Total virtual pins                 ; 0                                             ;
; Total memory bits                  ; 0                                             ;
; Embedded Multiplier 9-bit elements ; 0                                             ;
; Total PLLs                         ; 0                                             ;
+------------------------------------+-----------------------------------------------+


+----------------------------------------------------------------------------------------------------------------------+
; Analysis & Synthesis Settings                                                                                        ;
+----------------------------------------------------------------------------+--------------------+--------------------+
; Option                                                                     ; Setting            ; Default Value      ;
+----------------------------------------------------------------------------+--------------------+--------------------+
; Device                                                                     ; EP2C20F484C7       ;                    ;
; Top-level entity name                                                      ; cpu                ; scpu               ;
; Family name                                                                ; Cyclone II         ; Cyclone IV GX      ;
; Use smart compilation                                                      ; Off                ; Off                ;
; Enable parallel Assembler and TimeQuest Timing Analyzer during compilation ; On                 ; On                 ;
; Enable compact report table                                                ; Off                ; Off                ;
; Restructure Multiplexers                                                   ; Auto               ; Auto               ;
; Create Debugging Nodes for IP Cores                                        ; Off                ; Off                ;
; Preserve fewer node names                                                  ; On                 ; On                 ;
; Disable OpenCore Plus hardware evaluation                                  ; Off                ; Off                ;
; Verilog Version                                                            ; Verilog_2001       ; Verilog_2001       ;
; VHDL Version                                                               ; VHDL_1993          ; VHDL_1993          ;
; State Machine Processing                                                   ; Auto               ; Auto               ;
; Safe State Machine                                                         ; Off                ; Off                ;
; Extract Verilog State Machines                                             ; On                 ; On                 ;
; Extract VHDL State Machines                                                ; On                 ; On                 ;
; Ignore Verilog initial constructs                                          ; Off                ; Off                ;
; Iteration limit for constant Verilog loops                                 ; 5000               ; 5000               ;
; Iteration limit for non-constant Verilog loops                             ; 250                ; 250                ;
; Add Pass-Through Logic to Inferred RAMs                                    ; On                 ; On                 ;
; Infer RAMs from Raw Logic                                                  ; On                 ; On                 ;
; Parallel Synthesis                                                         ; On                 ; On                 ;
; DSP Block Balancing                                                        ; Auto               ; Auto               ;
; NOT Gate Push-Back                                                         ; On                 ; On                 ;
; Power-Up Don't Care                                                        ; On                 ; On                 ;
; Remove Redundant Logic Cells                                               ; Off                ; Off                ;
; Remove Duplicate Registers                                                 ; On                 ; On                 ;
; Ignore CARRY Buffers                                                       ; Off                ; Off                ;
; Ignore CASCADE Buffers                                                     ; Off                ; Off                ;
; Ignore GLOBAL Buffers                                                      ; Off                ; Off                ;
; Ignore ROW GLOBAL Buffers                                                  ; Off                ; Off                ;
; Ignore LCELL Buffers                                                       ; Off                ; Off                ;
; Ignore SOFT Buffers                                                        ; On                 ; On                 ;
; Limit AHDL Integers to 32 Bits                                             ; Off                ; Off                ;
; Optimization Technique                                                     ; Balanced           ; Balanced           ;
; Carry Chain Length                                                         ; 70                 ; 70                 ;
; Auto Carry Chains                                                          ; On                 ; On                 ;
; Auto Open-Drain Pins                                                       ; On                 ; On                 ;
; Perform WYSIWYG Primitive Resynthesis                                      ; Off                ; Off                ;
; Auto ROM Replacement                                                       ; On                 ; On                 ;
; Auto RAM Replacement                                                       ; On                 ; On                 ;
; Auto Shift Register Replacement                                            ; Auto               ; Auto               ;
; Allow Shift Register Merging across Hierarchies                            ; Auto               ; Auto               ;
; Auto Clock Enable Replacement                                              ; On                 ; On                 ;
; Strict RAM Replacement                                                     ; Off                ; Off                ;
; Allow Synchronous Control Signals                                          ; On                 ; On                 ;
; Force Use of Synchronous Clear Signals                                     ; Off                ; Off                ;
; Auto RAM to Logic Cell Conversion                                          ; Off                ; Off                ;
; Auto Resource Sharing                                                      ; Off                ; Off                ;
; Allow Any RAM Size For Recognition                                         ; Off                ; Off                ;
; Allow Any ROM Size For Recognition                                         ; Off                ; Off                ;
; Allow Any Shift Register Size For Recognition                              ; Off                ; Off                ;
; Use LogicLock Constraints during Resource Balancing                        ; On                 ; On                 ;
; Ignore translate_off and synthesis_off directives                          ; Off                ; Off                ;
; Timing-Driven Synthesis                                                    ; Off                ; Off                ;
; Report Parameter Settings                                                  ; On                 ; On                 ;
; Report Source Assignments                                                  ; On                 ; On                 ;
; Report Connectivity Checks                                                 ; On                 ; On                 ;
; Ignore Maximum Fan-Out Assignments                                         ; Off                ; Off                ;
; Synchronization Register Chain Length                                      ; 2                  ; 2                  ;
; PowerPlay Power Optimization                                               ; Normal compilation ; Normal compilation ;
; HDL message level                                                          ; Level2             ; Level2             ;
; Suppress Register Optimization Related Messages                            ; Off                ; Off                ;
; Number of Removed Registers Reported in Synthesis Report                   ; 5000               ; 5000               ;
; Number of Swept Nodes Reported in Synthesis Report                         ; 5000               ; 5000               ;
; Number of Inverted Registers Reported in Synthesis Report                  ; 100                ; 100                ;
; Clock MUX Protection                                                       ; On                 ; On                 ;
; Auto Gated Clock Conversion                                                ; Off                ; Off                ;
; Block Design Naming                                                        ; Auto               ; Auto               ;
; SDC constraint protection                                                  ; Off                ; Off                ;
; Synthesis Effort                                                           ; Auto               ; Auto               ;
; Shift Register Replacement - Allow Asynchronous Clear Signal               ; On                 ; On                 ;
; Pre-Mapping Resynthesis Optimization                                       ; Off                ; Off                ;
; Analysis & Synthesis Message Level                                         ; Medium             ; Medium             ;
; Disable Register Merging Across Hierarchies                                ; Auto               ; Auto               ;
; Resource Aware Inference For Block RAM                                     ; On                 ; On                 ;
; Synthesis Seed                                                             ; 1                  ; 1                  ;
+----------------------------------------------------------------------------+--------------------+--------------------+


Parallel compilation was disabled, but you have multiple processors available. Enable parallel compilation to reduce compilation time.
+-------------------------------------+
; Parallel Compilation                ;
+----------------------------+--------+
; Processors                 ; Number ;
+----------------------------+--------+
; Number detected on machine ; 2      ;
; Maximum allowed            ; 1      ;
+----------------------------+--------+


+-------------------------------------------------------------------------------------------------------------------------------------------------------------------+
; Analysis & Synthesis Source Files Read                                                                                                                            ;
+---------------------------------------------------+-----------------+------------------------------+----------------------------------------------------+---------+
; File Name with User-Entered Path                  ; Used in Netlist ; File Type                    ; File Name with Absolute Path                       ; Library ;
+---------------------------------------------------+-----------------+------------------------------+----------------------------------------------------+---------+
; ../modules/alu.v                                  ; yes             ; User Verilog HDL File        ; /home/alumno/Escritorio/scpu/modules/alu.v         ;         ;
; ../modules/componentes.v                          ; yes             ; User Verilog HDL File        ; /home/alumno/Escritorio/scpu/modules/componentes.v ;         ;
; ../modules/cpu.v                                  ; yes             ; User Verilog HDL File        ; /home/alumno/Escritorio/scpu/modules/cpu.v         ;         ;
; ../modules/e_s.v                                  ; yes             ; User Verilog HDL File        ; /home/alumno/Escritorio/scpu/modules/e_s.v         ;         ;
; ../modules/memprog.v                              ; yes             ; User Verilog HDL File        ; /home/alumno/Escritorio/scpu/modules/memprog.v     ;         ;
; ../modules/microc.v                               ; yes             ; User Verilog HDL File        ; /home/alumno/Escritorio/scpu/modules/microc.v      ;         ;
; ../modules/uc.v                                   ; yes             ; User Verilog HDL File        ; /home/alumno/Escritorio/scpu/modules/uc.v          ;         ;
; /home/alumno/Escritorio/scpu/modules/progfile.dat ; yes             ; Auto-Found Unspecified File  ; /home/alumno/Escritorio/scpu/modules/progfile.dat  ;         ;
+---------------------------------------------------+-----------------+------------------------------+----------------------------------------------------+---------+


+-----------------------------------------------------+
; Analysis & Synthesis Resource Usage Summary         ;
+---------------------------------------------+-------+
; Resource                                    ; Usage ;
+---------------------------------------------+-------+
; Estimated Total logic elements              ; 639   ;
;                                             ;       ;
; Total combinational functions               ; 519   ;
; Logic element usage by number of LUT inputs ;       ;
;     -- 4 input functions                    ; 331   ;
;     -- 3 input functions                    ; 126   ;
;     -- <=2 input functions                  ; 62    ;
;                                             ;       ;
; Logic elements by mode                      ;       ;
;     -- normal mode                          ; 487   ;
;     -- arithmetic mode                      ; 32    ;
;                                             ;       ;
; Total registers                             ; 149   ;
;     -- Dedicated logic registers            ; 149   ;
;     -- I/O registers                        ; 0     ;
;                                             ;       ;
; I/O pins                                    ; 59    ;
; Embedded Multiplier 9-bit elements          ; 0     ;
; Maximum fan-out                             ; 139   ;
; Total fan-out                               ; 2329  ;
; Average fan-out                             ; 3.20  ;
+---------------------------------------------+-------+


+--------------------------------------------------------------------------------------------------------------------------------------------------------------------------------------------------+
; Analysis & Synthesis Resource Utilization by Entity                                                                                                                                              ;
+-----------------------------+-------------------+--------------+-------------+--------------+---------+-----------+------+--------------+-----------------------------------------+--------------+
; Compilation Hierarchy Node  ; LC Combinationals ; LC Registers ; Memory Bits ; DSP Elements ; DSP 9x9 ; DSP 18x18 ; Pins ; Virtual Pins ; Full Hierarchy Name                     ; Library Name ;
+-----------------------------+-------------------+--------------+-------------+--------------+---------+-----------+------+--------------+-----------------------------------------+--------------+
; |cpu                        ; 519 (0)           ; 149 (0)      ; 0           ; 0            ; 0       ; 0         ; 59   ; 0            ; |cpu                                    ;              ;
;    |e_s:e_s_|               ; 74 (0)            ; 0 (0)        ; 0           ; 0            ; 0       ; 0         ; 0    ; 0            ; |cpu|e_s:e_s_                           ;              ;
;       |mux_out:mux_salida|  ; 42 (42)           ; 0 (0)        ; 0           ; 0            ; 0       ; 0         ; 0    ; 0            ; |cpu|e_s:e_s_|mux_out:mux_salida        ;              ;
;       |reg_e:sal1|          ; 8 (8)             ; 0 (0)        ; 0           ; 0            ; 0       ; 0         ; 0    ; 0            ; |cpu|e_s:e_s_|reg_e:sal1                ;              ;
;       |reg_e:sal2|          ; 8 (8)             ; 0 (0)        ; 0           ; 0            ; 0       ; 0         ; 0    ; 0            ; |cpu|e_s:e_s_|reg_e:sal2                ;              ;
;       |reg_e:sal3|          ; 8 (8)             ; 0 (0)        ; 0           ; 0            ; 0       ; 0         ; 0    ; 0            ; |cpu|e_s:e_s_|reg_e:sal3                ;              ;
;       |reg_e:sal4|          ; 8 (8)             ; 0 (0)        ; 0           ; 0            ; 0       ; 0         ; 0    ; 0            ; |cpu|e_s:e_s_|reg_e:sal4                ;              ;
;    |microc:microc_|         ; 425 (0)           ; 149 (0)      ; 0           ; 0            ; 0       ; 0         ; 0    ; 0            ; |cpu|microc:microc_                     ;              ;
;       |alu:alu_|            ; 59 (59)           ; 0 (0)        ; 0           ; 0            ; 0       ; 0         ; 0    ; 0            ; |cpu|microc:microc_|alu:alu_            ;              ;
;       |memprog:memoria_|    ; 85 (85)           ; 0 (0)        ; 0           ; 0            ; 0       ; 0         ; 0    ; 0            ; |cpu|microc:microc_|memprog:memoria_    ;              ;
;       |mux1:mux4_|          ; 10 (10)           ; 0 (0)        ; 0           ; 0            ; 0       ; 0         ; 0    ; 0            ; |cpu|microc:microc_|mux1:mux4_          ;              ;
;       |mux2:mux3_|          ; 29 (29)           ; 0 (0)        ; 0           ; 0            ; 0       ; 0         ; 0    ; 0            ; |cpu|microc:microc_|mux2:mux3_          ;              ;
;       |regfile:banco_|      ; 212 (212)         ; 128 (128)    ; 0           ; 0            ; 0       ; 0         ; 0    ; 0            ; |cpu|microc:microc_|regfile:banco_      ;              ;
;       |registro:PC_|        ; 10 (10)           ; 10 (10)      ; 0           ; 0            ; 0       ; 0         ; 0    ; 0            ; |cpu|microc:microc_|registro:PC_        ;              ;
;       |registro:ffzero|     ; 0 (0)             ; 1 (1)        ; 0           ; 0            ; 0       ; 0         ; 0    ; 0            ; |cpu|microc:microc_|registro:ffzero     ;              ;
;       |retorno_reg:sub_reg| ; 10 (10)           ; 10 (10)      ; 0           ; 0            ; 0       ; 0         ; 0    ; 0            ; |cpu|microc:microc_|retorno_reg:sub_reg ;              ;
;       |sum:sumador_|        ; 10 (10)           ; 0 (0)        ; 0           ; 0            ; 0       ; 0         ; 0    ; 0            ; |cpu|microc:microc_|sum:sumador_        ;              ;
;    |uc:uc_|                 ; 20 (20)           ; 0 (0)        ; 0           ; 0            ; 0       ; 0         ; 0    ; 0            ; |cpu|uc:uc_                             ;              ;
+-----------------------------+-------------------+--------------+-------------+--------------+---------+-----------+------+--------------+-----------------------------------------+--------------+
Note: For table entries with two numbers listed, the numbers in parentheses indicate the number of resources of the given type used by the specific entity alone. The numbers listed outside of parentheses indicate the total resources of the given type used by the specific entity and all of its sub-entities in the hierarchy.


+---------------------------------------------------------------------------------------------------------------------+
; User-Specified and Inferred Latches                                                                                 ;
+-----------------------------------------------------+--------------------------------------+------------------------+
; Latch Name                                          ; Latch Enable Signal                  ; Free of Timing Hazards ;
+-----------------------------------------------------+--------------------------------------+------------------------+
; e_s:e_s_|reg_e:sal1|q[0]                            ; uc:uc_|rwe1                          ; yes                    ;
; e_s:e_s_|reg_e:sal1|q[1]                            ; uc:uc_|rwe1                          ; yes                    ;
; e_s:e_s_|reg_e:sal1|q[2]                            ; uc:uc_|rwe1                          ; yes                    ;
; e_s:e_s_|reg_e:sal1|q[3]                            ; uc:uc_|rwe1                          ; yes                    ;
; e_s:e_s_|reg_e:sal1|q[4]                            ; uc:uc_|rwe1                          ; yes                    ;
; e_s:e_s_|reg_e:sal1|q[5]                            ; uc:uc_|rwe1                          ; yes                    ;
; e_s:e_s_|reg_e:sal1|q[6]                            ; uc:uc_|rwe1                          ; yes                    ;
; e_s:e_s_|reg_e:sal1|q[7]                            ; uc:uc_|rwe1                          ; yes                    ;
; e_s:e_s_|reg_e:sal2|q[0]                            ; uc:uc_|rwe3                          ; yes                    ;
; e_s:e_s_|reg_e:sal2|q[1]                            ; uc:uc_|rwe3                          ; yes                    ;
; e_s:e_s_|reg_e:sal2|q[2]                            ; uc:uc_|rwe3                          ; yes                    ;
; e_s:e_s_|reg_e:sal2|q[3]                            ; uc:uc_|rwe3                          ; yes                    ;
; e_s:e_s_|reg_e:sal2|q[4]                            ; uc:uc_|rwe3                          ; yes                    ;
; e_s:e_s_|reg_e:sal2|q[5]                            ; uc:uc_|rwe3                          ; yes                    ;
; e_s:e_s_|reg_e:sal2|q[6]                            ; uc:uc_|rwe3                          ; yes                    ;
; e_s:e_s_|reg_e:sal2|q[7]                            ; uc:uc_|rwe3                          ; yes                    ;
; e_s:e_s_|reg_e:sal3|q[0]                            ; uc:uc_|rwe3                          ; yes                    ;
; e_s:e_s_|reg_e:sal3|q[1]                            ; uc:uc_|rwe3                          ; yes                    ;
; e_s:e_s_|reg_e:sal3|q[2]                            ; uc:uc_|rwe3                          ; yes                    ;
; e_s:e_s_|reg_e:sal3|q[3]                            ; uc:uc_|rwe3                          ; yes                    ;
; e_s:e_s_|reg_e:sal3|q[4]                            ; uc:uc_|rwe3                          ; yes                    ;
; e_s:e_s_|reg_e:sal3|q[5]                            ; uc:uc_|rwe3                          ; yes                    ;
; e_s:e_s_|reg_e:sal3|q[6]                            ; uc:uc_|rwe3                          ; yes                    ;
; e_s:e_s_|reg_e:sal3|q[7]                            ; uc:uc_|rwe3                          ; yes                    ;
; e_s:e_s_|reg_e:sal4|q[0]                            ; uc:uc_|rwe3                          ; yes                    ;
; e_s:e_s_|reg_e:sal4|q[1]                            ; uc:uc_|rwe3                          ; yes                    ;
; e_s:e_s_|reg_e:sal4|q[2]                            ; uc:uc_|rwe3                          ; yes                    ;
; e_s:e_s_|reg_e:sal4|q[3]                            ; uc:uc_|rwe3                          ; yes                    ;
; e_s:e_s_|reg_e:sal4|q[4]                            ; uc:uc_|rwe3                          ; yes                    ;
; e_s:e_s_|reg_e:sal4|q[5]                            ; uc:uc_|rwe3                          ; yes                    ;
; e_s:e_s_|reg_e:sal4|q[6]                            ; uc:uc_|rwe3                          ; yes                    ;
; e_s:e_s_|reg_e:sal4|q[7]                            ; uc:uc_|rwe3                          ; yes                    ;
; e_s:e_s_|mux_out:mux_salida|d0[0]                   ; uc:uc_|Equal0                        ; yes                    ;
; e_s:e_s_|mux_out:mux_salida|d0[1]                   ; uc:uc_|Equal0                        ; yes                    ;
; e_s:e_s_|mux_out:mux_salida|d0[2]                   ; uc:uc_|Equal0                        ; yes                    ;
; e_s:e_s_|mux_out:mux_salida|d0[3]                   ; uc:uc_|Equal0                        ; yes                    ;
; e_s:e_s_|mux_out:mux_salida|d0[4]                   ; uc:uc_|Equal0                        ; yes                    ;
; e_s:e_s_|mux_out:mux_salida|d0[5]                   ; uc:uc_|Equal0                        ; yes                    ;
; e_s:e_s_|mux_out:mux_salida|d0[6]                   ; uc:uc_|Equal0                        ; yes                    ;
; e_s:e_s_|mux_out:mux_salida|d0[7]                   ; uc:uc_|Equal0                        ; yes                    ;
; e_s:e_s_|mux_out:mux_salida|d1[0]                   ; e_s:e_s_|mux_out:mux_salida|Decoder0 ; yes                    ;
; e_s:e_s_|mux_out:mux_salida|d1[1]                   ; e_s:e_s_|mux_out:mux_salida|Decoder0 ; yes                    ;
; e_s:e_s_|mux_out:mux_salida|d1[2]                   ; e_s:e_s_|mux_out:mux_salida|Decoder0 ; yes                    ;
; e_s:e_s_|mux_out:mux_salida|d1[3]                   ; e_s:e_s_|mux_out:mux_salida|Decoder0 ; yes                    ;
; e_s:e_s_|mux_out:mux_salida|d1[4]                   ; e_s:e_s_|mux_out:mux_salida|Decoder0 ; yes                    ;
; e_s:e_s_|mux_out:mux_salida|d1[5]                   ; e_s:e_s_|mux_out:mux_salida|Decoder0 ; yes                    ;
; e_s:e_s_|mux_out:mux_salida|d1[6]                   ; e_s:e_s_|mux_out:mux_salida|Decoder0 ; yes                    ;
; e_s:e_s_|mux_out:mux_salida|d1[7]                   ; e_s:e_s_|mux_out:mux_salida|Decoder0 ; yes                    ;
; e_s:e_s_|mux_out:mux_salida|d2[0]                   ; e_s:e_s_|mux_out:mux_salida|Decoder0 ; yes                    ;
; e_s:e_s_|mux_out:mux_salida|d2[1]                   ; e_s:e_s_|mux_out:mux_salida|Decoder0 ; yes                    ;
; e_s:e_s_|mux_out:mux_salida|d2[2]                   ; e_s:e_s_|mux_out:mux_salida|Decoder0 ; yes                    ;
; e_s:e_s_|mux_out:mux_salida|d2[3]                   ; e_s:e_s_|mux_out:mux_salida|Decoder0 ; yes                    ;
; e_s:e_s_|mux_out:mux_salida|d2[4]                   ; e_s:e_s_|mux_out:mux_salida|Decoder0 ; yes                    ;
; e_s:e_s_|mux_out:mux_salida|d2[5]                   ; e_s:e_s_|mux_out:mux_salida|Decoder0 ; yes                    ;
; e_s:e_s_|mux_out:mux_salida|d2[6]                   ; e_s:e_s_|mux_out:mux_salida|Decoder0 ; yes                    ;
; e_s:e_s_|mux_out:mux_salida|d2[7]                   ; e_s:e_s_|mux_out:mux_salida|Decoder0 ; yes                    ;
; e_s:e_s_|mux_out:mux_salida|d3[0]                   ; e_s:e_s_|mux_out:mux_salida|Decoder0 ; yes                    ;
; e_s:e_s_|mux_out:mux_salida|d3[1]                   ; e_s:e_s_|mux_out:mux_salida|Decoder0 ; yes                    ;
; e_s:e_s_|mux_out:mux_salida|d3[2]                   ; e_s:e_s_|mux_out:mux_salida|Decoder0 ; yes                    ;
; e_s:e_s_|mux_out:mux_salida|d3[3]                   ; e_s:e_s_|mux_out:mux_salida|Decoder0 ; yes                    ;
; e_s:e_s_|mux_out:mux_salida|d3[4]                   ; e_s:e_s_|mux_out:mux_salida|Decoder0 ; yes                    ;
; e_s:e_s_|mux_out:mux_salida|d3[5]                   ; e_s:e_s_|mux_out:mux_salida|Decoder0 ; yes                    ;
; e_s:e_s_|mux_out:mux_salida|d3[6]                   ; e_s:e_s_|mux_out:mux_salida|Decoder0 ; yes                    ;
; e_s:e_s_|mux_out:mux_salida|d3[7]                   ; e_s:e_s_|mux_out:mux_salida|Decoder0 ; yes                    ;
; Number of user-specified and inferred latches = 64  ;                                      ;                        ;
+-----------------------------------------------------+--------------------------------------+------------------------+
Note: All latches listed above may not be present at the end of synthesis due to various synthesis optimizations.


+------------------------------------------------------+
; General Register Statistics                          ;
+----------------------------------------------+-------+
; Statistic                                    ; Value ;
+----------------------------------------------+-------+
; Total registers                              ; 149   ;
; Number of registers using Synchronous Clear  ; 0     ;
; Number of registers using Synchronous Load   ; 10    ;
; Number of registers using Asynchronous Clear ; 21    ;
; Number of registers using Asynchronous Load  ; 0     ;
; Number of registers using Clock Enable       ; 128   ;
; Number of registers using Preset             ; 0     ;
+----------------------------------------------+-------+


+-----------------------------------------------------------------------------------------------------------------------------------------------------+
; Multiplexer Restructuring Statistics (Restructuring Performed)                                                                                      ;
+--------------------+-----------+---------------+----------------------+------------------------+------------+---------------------------------------+
; Multiplexer Inputs ; Bus Width ; Baseline Area ; Area if Restructured ; Saving if Restructured ; Registered ; Example Multiplexer Output            ;
+--------------------+-----------+---------------+----------------------+------------------------+------------+---------------------------------------+
; 3:1                ; 10 bits   ; 20 LEs        ; 20 LEs               ; 0 LEs                  ; Yes        ; |cpu|microc:microc_|registro:PC_|q[9] ;
; 4:1                ; 4 bits    ; 8 LEs         ; 8 LEs                ; 0 LEs                  ; No         ; |cpu|microc:microc_|mux2:mux3_|y[4]   ;
; 3:1                ; 8 bits    ; 16 LEs        ; 8 LEs                ; 8 LEs                  ; No         ; |cpu|microc:microc_|alu:alu_|Add0     ;
; 3:1                ; 8 bits    ; 16 LEs        ; 16 LEs               ; 0 LEs                  ; No         ; |cpu|microc:microc_|alu:alu_|Add0     ;
; 8:1                ; 7 bits    ; 35 LEs        ; 28 LEs               ; 7 LEs                  ; No         ; |cpu|microc:microc_|alu:alu_|Mux6     ;
; 6:1                ; 2 bits    ; 8 LEs         ; 6 LEs                ; 2 LEs                  ; No         ; |cpu|microc:microc_|mux2:mux3_|y[2]   ;
; 6:1                ; 2 bits    ; 8 LEs         ; 8 LEs                ; 0 LEs                  ; No         ; |cpu|microc:microc_|mux2:mux3_|y[1]   ;
+--------------------+-----------+---------------+----------------------+------------------------+------------+---------------------------------------+


+------------------------------------------------------------------------+
; Parameter Settings for User Entity Instance: microc:microc_|mux1:mux1_ ;
+----------------+-------+-----------------------------------------------+
; Parameter Name ; Value ; Type                                          ;
+----------------+-------+-----------------------------------------------+
; WIDTH          ; 10    ; Signed Integer                                ;
+----------------+-------+-----------------------------------------------+
Note: In order to hide this table in the UI and the text report file, please set the "Show Parameter Settings in Synthesis Report" option in "Analysis and Synthesis Settings -> More Settings" to "Off".


+--------------------------------------------------------------------------+
; Parameter Settings for User Entity Instance: microc:microc_|registro:PC_ ;
+----------------+-------+-------------------------------------------------+
; Parameter Name ; Value ; Type                                            ;
+----------------+-------+-------------------------------------------------+
; WIDTH          ; 10    ; Signed Integer                                  ;
+----------------+-------+-------------------------------------------------+
Note: In order to hide this table in the UI and the text report file, please set the "Show Parameter Settings in Synthesis Report" option in "Analysis and Synthesis Settings -> More Settings" to "Off".


+------------------------------------------------------------------------+
; Parameter Settings for User Entity Instance: microc:microc_|mux2:mux2_ ;
+----------------+-------+-----------------------------------------------+
; Parameter Name ; Value ; Type                                          ;
+----------------+-------+-----------------------------------------------+
; WIDTH          ; 8     ; Signed Integer                                ;
+----------------+-------+-----------------------------------------------+
Note: In order to hide this table in the UI and the text report file, please set the "Show Parameter Settings in Synthesis Report" option in "Analysis and Synthesis Settings -> More Settings" to "Off".


+-----------------------------------------------------------------------------+
; Parameter Settings for User Entity Instance: microc:microc_|registro:ffzero ;
+----------------+-------+----------------------------------------------------+
; Parameter Name ; Value ; Type                                               ;
+----------------+-------+----------------------------------------------------+
; WIDTH          ; 1     ; Signed Integer                                     ;
+----------------+-------+----------------------------------------------------+
Note: In order to hide this table in the UI and the text report file, please set the "Show Parameter Settings in Synthesis Report" option in "Analysis and Synthesis Settings -> More Settings" to "Off".


+------------------------------------------------------------------------+
; Parameter Settings for User Entity Instance: microc:microc_|mux2:mux3_ ;
+----------------+-------+-----------------------------------------------+
; Parameter Name ; Value ; Type                                          ;
+----------------+-------+-----------------------------------------------+
; WIDTH          ; 8     ; Signed Integer                                ;
+----------------+-------+-----------------------------------------------+
Note: In order to hide this table in the UI and the text report file, please set the "Show Parameter Settings in Synthesis Report" option in "Analysis and Synthesis Settings -> More Settings" to "Off".


+------------------------------------------------------------------------+
; Parameter Settings for User Entity Instance: microc:microc_|mux1:mux4_ ;
+----------------+-------+-----------------------------------------------+
; Parameter Name ; Value ; Type                                          ;
+----------------+-------+-----------------------------------------------+
; WIDTH          ; 10    ; Signed Integer                                ;
+----------------+-------+-----------------------------------------------+
Note: In order to hide this table in the UI and the text report file, please set the "Show Parameter Settings in Synthesis Report" option in "Analysis and Synthesis Settings -> More Settings" to "Off".


+---------------------------------------------------------------------------------+
; Parameter Settings for User Entity Instance: microc:microc_|retorno_reg:sub_reg ;
+----------------+-------+--------------------------------------------------------+
; Parameter Name ; Value ; Type                                                   ;
+----------------+-------+--------------------------------------------------------+
; WIDTH          ; 10    ; Signed Integer                                         ;
+----------------+-------+--------------------------------------------------------+
Note: In order to hide this table in the UI and the text report file, please set the "Show Parameter Settings in Synthesis Report" option in "Analysis and Synthesis Settings -> More Settings" to "Off".


+------------------------------------------------------------------------+
; Parameter Settings for User Entity Instance: microc:microc_|mux1:mux5_ ;
+----------------+-------+-----------------------------------------------+
; Parameter Name ; Value ; Type                                          ;
+----------------+-------+-----------------------------------------------+
; WIDTH          ; 10    ; Signed Integer                                ;
+----------------+-------+-----------------------------------------------+
Note: In order to hide this table in the UI and the text report file, please set the "Show Parameter Settings in Synthesis Report" option in "Analysis and Synthesis Settings -> More Settings" to "Off".


+--------------------------------------------------------------------------+
; Parameter Settings for User Entity Instance: e_s:e_s_|mux_in:mux_entrada ;
+----------------+-------+-------------------------------------------------+
; Parameter Name ; Value ; Type                                            ;
+----------------+-------+-------------------------------------------------+
; WIDTH          ; 8     ; Signed Integer                                  ;
+----------------+-------+-------------------------------------------------+
Note: In order to hide this table in the UI and the text report file, please set the "Show Parameter Settings in Synthesis Report" option in "Analysis and Synthesis Settings -> More Settings" to "Off".


+--------------------------------------------------------------------------+
; Parameter Settings for User Entity Instance: e_s:e_s_|mux_out:mux_salida ;
+----------------+-------+-------------------------------------------------+
; Parameter Name ; Value ; Type                                            ;
+----------------+-------+-------------------------------------------------+
; WIDTH          ; 8     ; Signed Integer                                  ;
+----------------+-------+-------------------------------------------------+
Note: In order to hide this table in the UI and the text report file, please set the "Show Parameter Settings in Synthesis Report" option in "Analysis and Synthesis Settings -> More Settings" to "Off".


+------------------------------------------------------------------+
; Parameter Settings for User Entity Instance: e_s:e_s_|reg_e:sal1 ;
+----------------+-------+-----------------------------------------+
; Parameter Name ; Value ; Type                                    ;
+----------------+-------+-----------------------------------------+
; WIDTH          ; 8     ; Signed Integer                          ;
+----------------+-------+-----------------------------------------+
Note: In order to hide this table in the UI and the text report file, please set the "Show Parameter Settings in Synthesis Report" option in "Analysis and Synthesis Settings -> More Settings" to "Off".


+------------------------------------------------------------------+
; Parameter Settings for User Entity Instance: e_s:e_s_|reg_e:sal2 ;
+----------------+-------+-----------------------------------------+
; Parameter Name ; Value ; Type                                    ;
+----------------+-------+-----------------------------------------+
; WIDTH          ; 8     ; Signed Integer                          ;
+----------------+-------+-----------------------------------------+
Note: In order to hide this table in the UI and the text report file, please set the "Show Parameter Settings in Synthesis Report" option in "Analysis and Synthesis Settings -> More Settings" to "Off".


+------------------------------------------------------------------+
; Parameter Settings for User Entity Instance: e_s:e_s_|reg_e:sal3 ;
+----------------+-------+-----------------------------------------+
; Parameter Name ; Value ; Type                                    ;
+----------------+-------+-----------------------------------------+
; WIDTH          ; 8     ; Signed Integer                          ;
+----------------+-------+-----------------------------------------+
Note: In order to hide this table in the UI and the text report file, please set the "Show Parameter Settings in Synthesis Report" option in "Analysis and Synthesis Settings -> More Settings" to "Off".


+------------------------------------------------------------------+
; Parameter Settings for User Entity Instance: e_s:e_s_|reg_e:sal4 ;
+----------------+-------+-----------------------------------------+
; Parameter Name ; Value ; Type                                    ;
+----------------+-------+-----------------------------------------+
; WIDTH          ; 8     ; Signed Integer                          ;
+----------------+-------+-----------------------------------------+
Note: In order to hide this table in the UI and the text report file, please set the "Show Parameter Settings in Synthesis Report" option in "Analysis and Synthesis Settings -> More Settings" to "Off".


+-----------------------------------------------------------------------------------------------------------------------------------------------------------------------+
; Port Connectivity Checks: "e_s:e_s_"                                                                                                                                  ;
+------+-------+----------+---------------------------------------------------------------------------------------------------------------------------------------------+
; Port ; Type  ; Severity ; Details                                                                                                                                     ;
+------+-------+----------+---------------------------------------------------------------------------------------------------------------------------------------------+
; in1  ; Input ; Warning  ; Input port expression (4 bits) is smaller than the input port (8 bits) it drives.  Extra input bit(s) "in1[7..4]" will be connected to GND. ;
; in2  ; Input ; Warning  ; Input port expression (4 bits) is smaller than the input port (8 bits) it drives.  Extra input bit(s) "in2[7..4]" will be connected to GND. ;
; in3  ; Input ; Warning  ; Input port expression (2 bits) is smaller than the input port (8 bits) it drives.  Extra input bit(s) "in3[7..2]" will be connected to GND. ;
+------+-------+----------+---------------------------------------------------------------------------------------------------------------------------------------------+


+------------------------------------------------------------------------------------------------------------------------------------------------------------------------------------------------------------------+
; Port Connectivity Checks: "microc:microc_|sum:sumador2"                                                                                                                                                          ;
+---------+-------+----------+-------------------------------------------------------------------------------------------------------------------------------------------------------------------------------------+
; Port    ; Type  ; Severity ; Details                                                                                                                                                                             ;
+---------+-------+----------+-------------------------------------------------------------------------------------------------------------------------------------------------------------------------------------+
; a       ; Input ; Warning  ; Input port expression (32 bits) is wider than the input port (10 bits) it drives.  The 22 most-significant bit(s) in the expression will be dangling if they have no other fanouts. ;
; a[9..1] ; Input ; Info     ; Stuck at GND                                                                                                                                                                        ;
; a[0]    ; Input ; Info     ; Stuck at VCC                                                                                                                                                                        ;
+---------+-------+----------+-------------------------------------------------------------------------------------------------------------------------------------------------------------------------------------+


+-------------------------------------------------------------------------------------------------------------------------------------------------------------------------------------------------------------------+
; Port Connectivity Checks: "microc:microc_|mux1:mux4_"                                                                                                                                                             ;
+----------+-------+----------+-------------------------------------------------------------------------------------------------------------------------------------------------------------------------------------+
; Port     ; Type  ; Severity ; Details                                                                                                                                                                             ;
+----------+-------+----------+-------------------------------------------------------------------------------------------------------------------------------------------------------------------------------------+
; d0       ; Input ; Warning  ; Input port expression (32 bits) is wider than the input port (10 bits) it drives.  The 22 most-significant bit(s) in the expression will be dangling if they have no other fanouts. ;
; d0[9..1] ; Input ; Info     ; Stuck at GND                                                                                                                                                                        ;
; d0[0]    ; Input ; Info     ; Stuck at VCC                                                                                                                                                                        ;
+----------+-------+----------+-------------------------------------------------------------------------------------------------------------------------------------------------------------------------------------+


+-------------------------------+
; Elapsed Time Per Partition    ;
+----------------+--------------+
; Partition Name ; Elapsed Time ;
+----------------+--------------+
; Top            ; 00:00:02     ;
+----------------+--------------+


+-------------------------------+
; Analysis & Synthesis Messages ;
+-------------------------------+
Info: *******************************************************************
Info: Running Quartus II 32-bit Analysis & Synthesis
    Info: Version 12.1 Build 243 01/31/2013 Service Pack 1 SJ Web Edition
    Info: Processing started: Fri Jun 26 16:27:45 2015
Info: Command: quartus_map --read_settings_files=on --write_settings_files=off scpu -c scpu
Warning (20028): Parallel compilation is not licensed and has been disabled
Info (12021): Found 1 design units, including 1 entities, in source file /home/alumno/Escritorio/scpu/modules/vga_adapter/vga_pll.v
    Info (12023): Found entity 1: vga_pll
Info (12021): Found 1 design units, including 1 entities, in source file /home/alumno/Escritorio/scpu/modules/vga_adapter/vga_controller.v
    Info (12023): Found entity 1: vga_controller
Info (12021): Found 1 design units, including 1 entities, in source file /home/alumno/Escritorio/scpu/modules/vga_adapter/vga_address_translator.v
    Info (12023): Found entity 1: vga_address_translator
Info (12021): Found 1 design units, including 1 entities, in source file /home/alumno/Escritorio/scpu/modules/vga_adapter/vga_adapter.v
    Info (12023): Found entity 1: vga_adapter
Info (12021): Found 1 design units, including 1 entities, in source file /home/alumno/Escritorio/scpu/modules/vga_demo.v
    Info (12023): Found entity 1: vga_demo
Info (12021): Found 1 design units, including 1 entities, in source file /home/alumno/Escritorio/scpu/modules/alu.v
    Info (12023): Found entity 1: alu
Info (12021): Found 9 design units, including 9 entities, in source file /home/alumno/Escritorio/scpu/modules/componentes.v
    Info (12023): Found entity 1: regfile
    Info (12023): Found entity 2: sum
    Info (12023): Found entity 3: registro
    Info (12023): Found entity 4: retorno_reg
    Info (12023): Found entity 5: mux1
    Info (12023): Found entity 6: mux2
    Info (12023): Found entity 7: reg_e
    Info (12023): Found entity 8: mux_in
    Info (12023): Found entity 9: mux_out
Info (12021): Found 1 design units, including 1 entities, in source file /home/alumno/Escritorio/scpu/modules/cpu.v
    Info (12023): Found entity 1: cpu
Info (12021): Found 1 design units, including 1 entities, in source file /home/alumno/Escritorio/scpu/modules/e_s.v
    Info (12023): Found entity 1: e_s
Info (12021): Found 1 design units, including 1 entities, in source file /home/alumno/Escritorio/scpu/modules/memprog.v
    Info (12023): Found entity 1: memprog
Info (12021): Found 1 design units, including 1 entities, in source file /home/alumno/Escritorio/scpu/modules/microc.v
    Info (12023): Found entity 1: microc
Info (12021): Found 1 design units, including 1 entities, in source file /home/alumno/Escritorio/scpu/modules/uc.v
    Info (12023): Found entity 1: uc
Info (12127): Elaborating entity "cpu" for the top level hierarchy
Info (12128): Elaborating entity "uc" for hierarchy "uc:uc_"
Info (12128): Elaborating entity "microc" for hierarchy "microc:microc_"
Info (12128): Elaborating entity "mux1" for hierarchy "microc:microc_|mux1:mux1_"
Info (12128): Elaborating entity "registro" for hierarchy "microc:microc_|registro:PC_"
Info (12128): Elaborating entity "sum" for hierarchy "microc:microc_|sum:sumador_"
Info (12128): Elaborating entity "memprog" for hierarchy "microc:microc_|memprog:memoria_"
Warning (10850): Verilog HDL warning at memprog.v(11): number of words (36) in memory file does not match the number of elements in the address range [0:1023]
Warning (10030): Net "mem.data_a" at memprog.v(7) has no driver or initial value, using a default initial value '0'
Warning (10030): Net "mem.waddr_a" at memprog.v(7) has no driver or initial value, using a default initial value '0'
Warning (10030): Net "mem.we_a" at memprog.v(7) has no driver or initial value, using a default initial value '0'
Info (12128): Elaborating entity "regfile" for hierarchy "microc:microc_|regfile:banco_"
Warning (10230): Verilog HDL assignment warning at componentes.v(18): truncated value with size 32 to match size of target (8)
Warning (10230): Verilog HDL assignment warning at componentes.v(19): truncated value with size 32 to match size of target (8)
Info (12128): Elaborating entity "alu" for hierarchy "microc:microc_|alu:alu_"
Warning (10230): Verilog HDL assignment warning at alu.v(20): truncated value with size 32 to match size of target (8)
Info (12128): Elaborating entity "mux2" for hierarchy "microc:microc_|mux2:mux2_"
Info (12128): Elaborating entity "registro" for hierarchy "microc:microc_|registro:ffzero"
Info (12128): Elaborating entity "retorno_reg" for hierarchy "microc:microc_|retorno_reg:sub_reg"
Info (12128): Elaborating entity "e_s" for hierarchy "e_s:e_s_"
Info (12128): Elaborating entity "mux_in" for hierarchy "e_s:e_s_|mux_in:mux_entrada"
Warning (10230): Verilog HDL assignment warning at componentes.v(101): truncated value with size 32 to match size of target (8)
Info (12128): Elaborating entity "mux_out" for hierarchy "e_s:e_s_|mux_out:mux_salida"
Warning (10240): Verilog HDL Always Construct warning at componentes.v(119): inferring latch(es) for variable "d3", which holds its previous value in one or more paths through the always construct
Warning (10240): Verilog HDL Always Construct warning at componentes.v(119): inferring latch(es) for variable "d2", which holds its previous value in one or more paths through the always construct
Warning (10240): Verilog HDL Always Construct warning at componentes.v(119): inferring latch(es) for variable "d1", which holds its previous value in one or more paths through the always construct
Warning (10240): Verilog HDL Always Construct warning at componentes.v(119): inferring latch(es) for variable "d0", which holds its previous value in one or more paths through the always construct
Info (10041): Inferred latch for "d0[0]" at componentes.v(119)
Info (10041): Inferred latch for "d0[1]" at componentes.v(119)
Info (10041): Inferred latch for "d0[2]" at componentes.v(119)
Info (10041): Inferred latch for "d0[3]" at componentes.v(119)
Info (10041): Inferred latch for "d0[4]" at componentes.v(119)
Info (10041): Inferred latch for "d0[5]" at componentes.v(119)
Info (10041): Inferred latch for "d0[6]" at componentes.v(119)
Info (10041): Inferred latch for "d0[7]" at componentes.v(119)
Info (10041): Inferred latch for "d1[0]" at componentes.v(119)
Info (10041): Inferred latch for "d1[1]" at componentes.v(119)
Info (10041): Inferred latch for "d1[2]" at componentes.v(119)
Info (10041): Inferred latch for "d1[3]" at componentes.v(119)
Info (10041): Inferred latch for "d1[4]" at componentes.v(119)
Info (10041): Inferred latch for "d1[5]" at componentes.v(119)
Info (10041): Inferred latch for "d1[6]" at componentes.v(119)
Info (10041): Inferred latch for "d1[7]" at componentes.v(119)
Info (10041): Inferred latch for "d2[0]" at componentes.v(119)
Info (10041): Inferred latch for "d2[1]" at componentes.v(119)
Info (10041): Inferred latch for "d2[2]" at componentes.v(119)
Info (10041): Inferred latch for "d2[3]" at componentes.v(119)
Info (10041): Inferred latch for "d2[4]" at componentes.v(119)
Info (10041): Inferred latch for "d2[5]" at componentes.v(119)
Info (10041): Inferred latch for "d2[6]" at componentes.v(119)
Info (10041): Inferred latch for "d2[7]" at componentes.v(119)
Info (10041): Inferred latch for "d3[0]" at componentes.v(119)
Info (10041): Inferred latch for "d3[1]" at componentes.v(119)
Info (10041): Inferred latch for "d3[2]" at componentes.v(119)
Info (10041): Inferred latch for "d3[3]" at componentes.v(119)
Info (10041): Inferred latch for "d3[4]" at componentes.v(119)
Info (10041): Inferred latch for "d3[5]" at componentes.v(119)
Info (10041): Inferred latch for "d3[6]" at componentes.v(119)
Info (10041): Inferred latch for "d3[7]" at componentes.v(119)
Info (12128): Elaborating entity "reg_e" for hierarchy "e_s:e_s_|reg_e:sal1"
Warning (10240): Verilog HDL Always Construct warning at componentes.v(81): inferring latch(es) for variable "q", which holds its previous value in one or more paths through the always construct
Info (10041): Inferred latch for "q[0]" at componentes.v(81)
Info (10041): Inferred latch for "q[1]" at componentes.v(81)
Info (10041): Inferred latch for "q[2]" at componentes.v(81)
Info (10041): Inferred latch for "q[3]" at componentes.v(81)
Info (10041): Inferred latch for "q[4]" at componentes.v(81)
Info (10041): Inferred latch for "q[5]" at componentes.v(81)
Info (10041): Inferred latch for "q[6]" at componentes.v(81)
Info (10041): Inferred latch for "q[7]" at componentes.v(81)
Info (276014): Found 1 instances of uninferred RAM logic
    Info (276007): RAM logic "microc:microc_|regfile:banco_|regb" is uninferred due to asynchronous read logic
Warning (127007): Memory Initialization File or Hexadecimal (Intel-Format) File "/home/alumno/Escritorio/scpu/scpu/db/scpu.ram0_memprog_5f24dd89.hdl.mif" contains "don't care" values -- overwriting them with 0s
Warning (19016): Clock multiplexers are found and protected
    Warning (19017): Found clock multiplexer microc:microc_|memprog:memoria_|mem~synth
    Warning (19017): Found clock multiplexer microc:microc_|memprog:memoria_|mem~synth
    Warning (19017): Found clock multiplexer microc:microc_|memprog:memoria_|mem~synth
    Warning (19017): Found clock multiplexer microc:microc_|memprog:memoria_|mem~synth
    Warning (19017): Found clock multiplexer microc:microc_|memprog:memoria_|mem~synth
    Warning (19017): Found clock multiplexer microc:microc_|memprog:memoria_|mem~synth
Warning (12241): 3 hierarchies have connectivity warnings - see the Connectivity Checks report folder
Warning (13012): Latch e_s:e_s_|mux_out:mux_salida|d0[0] has unsafe behavior
    Warning (13013): Ports D and ENA on the latch are fed by the same signal microc:microc_|registro:PC_|q[5]
Warning (13012): Latch e_s:e_s_|mux_out:mux_salida|d0[1] has unsafe behavior
    Warning (13013): Ports D and ENA on the latch are fed by the same signal microc:microc_|registro:PC_|q[5]
Warning (13012): Latch e_s:e_s_|mux_out:mux_salida|d0[2] has unsafe behavior
    Warning (13013): Ports D and ENA on the latch are fed by the same signal microc:microc_|registro:PC_|q[9]
Warning (13012): Latch e_s:e_s_|mux_out:mux_salida|d0[3] has unsafe behavior
    Warning (13013): Ports D and ENA on the latch are fed by the same signal microc:microc_|registro:PC_|q[9]
Warning (13012): Latch e_s:e_s_|mux_out:mux_salida|d0[4] has unsafe behavior
    Warning (13013): Ports D and ENA on the latch are fed by the same signal microc:microc_|registro:PC_|q[9]
Warning (13012): Latch e_s:e_s_|mux_out:mux_salida|d0[5] has unsafe behavior
    Warning (13013): Ports D and ENA on the latch are fed by the same signal microc:microc_|registro:PC_|q[9]
Warning (13012): Latch e_s:e_s_|mux_out:mux_salida|d0[6] has unsafe behavior
    Warning (13013): Ports D and ENA on the latch are fed by the same signal microc:microc_|registro:PC_|q[9]
Warning (13012): Latch e_s:e_s_|mux_out:mux_salida|d0[7] has unsafe behavior
    Warning (13013): Ports D and ENA on the latch are fed by the same signal microc:microc_|registro:PC_|q[5]
Warning (13012): Latch e_s:e_s_|mux_out:mux_salida|d1[0] has unsafe behavior
    Warning (13013): Ports D and ENA on the latch are fed by the same signal microc:microc_|registro:PC_|q[5]
Warning (13012): Latch e_s:e_s_|mux_out:mux_salida|d1[1] has unsafe behavior
    Warning (13013): Ports D and ENA on the latch are fed by the same signal microc:microc_|registro:PC_|q[5]
Warning (13012): Latch e_s:e_s_|mux_out:mux_salida|d1[2] has unsafe behavior
    Warning (13013): Ports D and ENA on the latch are fed by the same signal microc:microc_|registro:PC_|q[9]
Warning (13012): Latch e_s:e_s_|mux_out:mux_salida|d1[3] has unsafe behavior
    Warning (13013): Ports D and ENA on the latch are fed by the same signal microc:microc_|registro:PC_|q[9]
Warning (13012): Latch e_s:e_s_|mux_out:mux_salida|d1[4] has unsafe behavior
    Warning (13013): Ports D and ENA on the latch are fed by the same signal microc:microc_|registro:PC_|q[9]
Warning (13012): Latch e_s:e_s_|mux_out:mux_salida|d1[5] has unsafe behavior
    Warning (13013): Ports D and ENA on the latch are fed by the same signal microc:microc_|registro:PC_|q[9]
Warning (13012): Latch e_s:e_s_|mux_out:mux_salida|d1[6] has unsafe behavior
    Warning (13013): Ports D and ENA on the latch are fed by the same signal microc:microc_|registro:PC_|q[9]
Warning (13012): Latch e_s:e_s_|mux_out:mux_salida|d1[7] has unsafe behavior
    Warning (13013): Ports D and ENA on the latch are fed by the same signal microc:microc_|registro:PC_|q[5]
Warning (13012): Latch e_s:e_s_|mux_out:mux_salida|d2[0] has unsafe behavior
    Warning (13013): Ports D and ENA on the latch are fed by the same signal microc:microc_|registro:PC_|q[5]
Warning (13012): Latch e_s:e_s_|mux_out:mux_salida|d2[1] has unsafe behavior
    Warning (13013): Ports D and ENA on the latch are fed by the same signal microc:microc_|registro:PC_|q[5]
Warning (13012): Latch e_s:e_s_|mux_out:mux_salida|d2[2] has unsafe behavior
    Warning (13013): Ports D and ENA on the latch are fed by the same signal microc:microc_|registro:PC_|q[9]
Warning (13012): Latch e_s:e_s_|mux_out:mux_salida|d2[3] has unsafe behavior
    Warning (13013): Ports D and ENA on the latch are fed by the same signal microc:microc_|registro:PC_|q[9]
Warning (13012): Latch e_s:e_s_|mux_out:mux_salida|d2[4] has unsafe behavior
    Warning (13013): Ports D and ENA on the latch are fed by the same signal microc:microc_|registro:PC_|q[9]
Warning (13012): Latch e_s:e_s_|mux_out:mux_salida|d2[5] has unsafe behavior
    Warning (13013): Ports D and ENA on the latch are fed by the same signal microc:microc_|registro:PC_|q[9]
Warning (13012): Latch e_s:e_s_|mux_out:mux_salida|d2[6] has unsafe behavior
    Warning (13013): Ports D and ENA on the latch are fed by the same signal microc:microc_|registro:PC_|q[9]
Warning (13012): Latch e_s:e_s_|mux_out:mux_salida|d2[7] has unsafe behavior
    Warning (13013): Ports D and ENA on the latch are fed by the same signal microc:microc_|registro:PC_|q[5]
Warning (13012): Latch e_s:e_s_|mux_out:mux_salida|d3[0] has unsafe behavior
    Warning (13013): Ports D and ENA on the latch are fed by the same signal microc:microc_|registro:PC_|q[5]
Warning (13012): Latch e_s:e_s_|mux_out:mux_salida|d3[1] has unsafe behavior
    Warning (13013): Ports D and ENA on the latch are fed by the same signal microc:microc_|registro:PC_|q[5]
Warning (13012): Latch e_s:e_s_|mux_out:mux_salida|d3[2] has unsafe behavior
    Warning (13013): Ports D and ENA on the latch are fed by the same signal microc:microc_|registro:PC_|q[9]
Warning (13012): Latch e_s:e_s_|mux_out:mux_salida|d3[3] has unsafe behavior
    Warning (13013): Ports D and ENA on the latch are fed by the same signal microc:microc_|registro:PC_|q[9]
Warning (13012): Latch e_s:e_s_|mux_out:mux_salida|d3[4] has unsafe behavior
    Warning (13013): Ports D and ENA on the latch are fed by the same signal microc:microc_|registro:PC_|q[9]
Warning (13012): Latch e_s:e_s_|mux_out:mux_salida|d3[5] has unsafe behavior
    Warning (13013): Ports D and ENA on the latch are fed by the same signal microc:microc_|registro:PC_|q[9]
Warning (13012): Latch e_s:e_s_|mux_out:mux_salida|d3[6] has unsafe behavior
    Warning (13013): Ports D and ENA on the latch are fed by the same signal microc:microc_|registro:PC_|q[9]
Warning (13012): Latch e_s:e_s_|mux_out:mux_salida|d3[7] has unsafe behavior
    Warning (13013): Ports D and ENA on the latch are fed by the same signal microc:microc_|registro:PC_|q[5]
Info (144001): Generated suppressed messages file /home/alumno/Escritorio/scpu/scpu/output_files/scpu.map.smsg
Info (16010): Generating hard_block partition "hard_block:auto_generated_inst"
    Info (16011): Adding 0 node(s), including 0 DDIO, 0 PLL, 0 transceiver and 0 LCELL
Info (21057): Implemented 706 device resources after synthesis - the final resource count might be different
    Info (21058): Implemented 20 input pins
    Info (21059): Implemented 39 output pins
    Info (21061): Implemented 647 logic cells
Info: Quartus II 32-bit Analysis & Synthesis was successful. 0 errors, 87 warnings
    Info: Peak virtual memory: 328 megabytes
    Info: Processing ended: Fri Jun 26 16:27:49 2015
    Info: Elapsed time: 00:00:04
    Info: Total CPU time (on all processors): 00:00:04


+------------------------------------------+
; Analysis & Synthesis Suppressed Messages ;
+------------------------------------------+
The suppressed messages can be found in /home/alumno/Escritorio/scpu/scpu/output_files/scpu.map.smsg.


